# JRE version: Java(TM) SE Runtime Environment (17.0.12+8) (build 17.0.12+8-LTS-286)
# Java VM: Java HotSpot(TM) 64-Bit Server VM (17.0.12+8-LTS-286, mixed mode, emulated-client, sharing, tiered, compressed oops, compressed class ptrs, g1 gc, windows-amd64)
GC Precious Log:
 CPUs: 8 total, 8 available
 Memory: 7502M
 Large Page Support: Disabled
 NUMA Support: Disabled
 Compressed Oops: Enabled (32-bit)
 Heap Region Size: 1M
 Heap Min Capacity: 8M
 Heap Initial Capacity: 118M
 Heap Max Capacity: 1876M
 Pre-touch: Disabled
 Parallel Workers: 8
 Concurrent Workers: 2
 Concurrent Refinement Workers: 8
 Periodic GC: Disabled
Heap:
 garbage-first heap   total 76800K, used 54925K [0x000000008ac00000, 0x0000000100000000)
  region size 1024K, 2 young (2048K), 2 survivors (2048K)
 Metaspace       used 68781K, committed 69440K, reserved 1114112K
  class space    used 10114K, committed 10432K, reserved 1048576K
GC Heap History (20 events):
Event: 11.450 GC heap after
{Heap after GC invocations=17 (full 0):
 garbage-first heap   total 68608K, used 32321K [0x000000008ac00000, 0x0000000100000000)
  region size 1024K, 2 young (2048K), 2 survivors (2048K)
 Metaspace       used 56217K, committed 56768K, reserved 1114112K
  class space    used 7980K, committed 8256K, reserved 1048576K
}
Event: 11.785 GC heap before
{Heap before GC invocations=17 (full 0):
 garbage-first heap   total 68608K, used 55873K [0x000000008ac00000, 0x0000000100000000)
  region size 1024K, 25 young (25600K), 2 survivors (2048K)
 Metaspace       used 57627K, committed 58176K, reserved 1114112K
  class space    used 8234K, committed 8512K, reserved 1048576K
}
Event: 11.788 GC heap after
{Heap after GC invocations=18 (full 0):
 garbage-first heap   total 68608K, used 33069K [0x000000008ac00000, 0x0000000100000000)
  region size 1024K, 3 young (3072K), 3 survivors (3072K)
 Metaspace       used 57627K, committed 58176K, reserved 1114112K
  class space    used 8234K, committed 8512K, reserved 1048576K
}
Event: 24.833 GC heap before
{Heap before GC invocations=19 (full 0):
 garbage-first heap   total 68608K, used 54573K [0x000000008ac00000, 0x0000000100000000)
  region size 1024K, 25 young (25600K), 3 survivors (3072K)
 Metaspace       used 60166K, committed 60736K, reserved 1114112K
  class space    used 8600K, committed 8896K, reserved 1048576K
}
Event: 24.837 GC heap after
{Heap after GC invocations=20 (full 0):
 garbage-first heap   total 68608K, used 34473K [0x000000008ac00000, 0x0000000100000000)
  region size 1024K, 4 young (4096K), 4 survivors (4096K)
 Metaspace       used 60166K, committed 60736K, reserved 1114112K
  class space    used 8600K, committed 8896K, reserved 1048576K
}
Event: 25.868 GC heap before
{Heap before GC invocations=20 (full 0):
 garbage-first heap   total 68608K, used 54953K [0x000000008ac00000, 0x0000000100000000)
  region size 1024K, 25 young (25600K), 4 survivors (4096K)
 Metaspace       used 63414K, committed 64000K, reserved 1114112K
  class space    used 9080K, committed 9344K, reserved 1048576K
}
Event: 25.874 GC heap after
{Heap after GC invocations=21 (full 0):
 garbage-first heap   total 68608K, used 36362K [0x000000008ac00000, 0x0000000100000000)
  region size 1024K, 4 young (4096K), 4 survivors (4096K)
 Metaspace       used 63414K, committed 64000K, reserved 1114112K
  class space    used 9080K, committed 9344K, reserved 1048576K
}
Event: 26.574 GC heap before
{Heap before GC invocations=22 (full 0):
 garbage-first heap   total 68608K, used 55818K [0x000000008ac00000, 0x0000000100000000)
  region size 1024K, 23 young (23552K), 4 survivors (4096K)
 Metaspace       used 63791K, committed 64384K, reserved 1114112K
  class space    used 9138K, committed 9408K, reserved 1048576K
}
Event: 26.586 GC heap after
{Heap after GC invocations=23 (full 0):
 garbage-first heap   total 68608K, used 36891K [0x000000008ac00000, 0x0000000100000000)
  region size 1024K, 1 young (1024K), 1 survivors (1024K)
 Metaspace       used 63791K, committed 64384K, reserved 1114112K
  class space    used 9138K, committed 9408K, reserved 1048576K
}
Event: 27.038 GC heap before
{Heap before GC invocations=23 (full 0):
 garbage-first heap   total 68608K, used 56347K [0x000000008ac00000, 0x0000000100000000)
  region size 1024K, 20 young (20480K), 1 survivors (1024K)
 Metaspace       used 65601K, committed 66240K, reserved 1114112K
  class space    used 9538K, committed 9856K, reserved 1048576K
}
Event: 27.040 GC heap after
{Heap after GC invocations=24 (full 0):
 garbage-first heap   total 68608K, used 37736K [0x000000008ac00000, 0x0000000100000000)
  region size 1024K, 2 young (2048K), 2 survivors (2048K)
 Metaspace       used 65601K, committed 66240K, reserved 1114112K
  class space    used 9538K, committed 9856K, reserved 1048576K
}
Event: 27.260 GC heap before
{Heap before GC invocations=25 (full 0):
 garbage-first heap   total 75776K, used 56168K [0x000000008ac00000, 0x0000000100000000)
  region size 1024K, 20 young (20480K), 2 survivors (2048K)
 Metaspace       used 67353K, committed 68032K, reserved 1114112K
  class space    used 9918K, committed 10240K, reserved 1048576K
}
Event: 27.264 GC heap after
{Heap after GC invocations=26 (full 0):
 garbage-first heap   total 75776K, used 41229K [0x000000008ac00000, 0x0000000100000000)
  region size 1024K, 3 young (3072K), 3 survivors (3072K)
 Metaspace       used 67353K, committed 68032K, reserved 1114112K
  class space    used 9918K, committed 10240K, reserved 1048576K
}
Event: 27.316 GC heap before
{Heap before GC invocations=26 (full 0):
 garbage-first heap   total 75776K, used 60685K [0x000000008ac00000, 0x0000000100000000)
  region size 1024K, 22 young (22528K), 3 survivors (3072K)
 Metaspace       used 67364K, committed 68032K, reserved 1114112K
  class space    used 9918K, committed 10240K, reserved 1048576K
}
Event: 27.320 GC heap after
{Heap after GC invocations=27 (full 0):
 garbage-first heap   total 75776K, used 41882K [0x000000008ac00000, 0x0000000100000000)
  region size 1024K, 1 young (1024K), 1 survivors (1024K)
 Metaspace       used 67364K, committed 68032K, reserved 1114112K
  class space    used 9918K, committed 10240K, reserved 1048576K
}
Event: 27.501 GC heap before
{Heap before GC invocations=28 (full 0):
 garbage-first heap   total 76800K, used 60314K [0x000000008ac00000, 0x0000000100000000)
  region size 1024K, 20 young (20480K), 1 survivors (1024K)
 Metaspace       used 68781K, committed 69440K, reserved 1114112K
  class space    used 10114K, committed 10432K, reserved 1048576K
}
Event: 27.504 GC heap after
{Heap after GC invocations=29 (full 0):
 garbage-first heap   total 76800K, used 45331K [0x000000008ac00000, 0x0000000100000000)
  region size 1024K, 3 young (3072K), 3 survivors (3072K)
 Metaspace       used 68781K, committed 69440K, reserved 1114112K
  class space    used 10114K, committed 10432K, reserved 1048576K
}
Event: 27.554 GC heap before
{Heap before GC invocations=29 (full 0):
 garbage-first heap   total 76800K, used 60691K [0x000000008ac00000, 0x0000000100000000)
  region size 1024K, 18 young (18432K), 3 survivors (3072K)
 Metaspace       used 68781K, committed 69440K, reserved 1114112K
  class space    used 10114K, committed 10432K, reserved 1048576K
}
Event: 27.561 GC heap after
{Heap after GC invocations=30 (full 0):
 garbage-first heap   total 76800K, used 51077K [0x000000008ac00000, 0x0000000100000000)
  region size 1024K, 3 young (3072K), 3 survivors (3072K)
 Metaspace       used 68781K, committed 69440K, reserved 1114112K
  class space    used 10114K, committed 10432K, reserved 1048576K
}
Event: 27.600 GC heap before
{Heap before GC invocations=30 (full 0):
 garbage-first heap   total 76800K, used 59269K [0x000000008ac00000, 0x0000000100000000)
  region size 1024K, 11 young (11264K), 3 survivors (3072K)
 Metaspace       used 68781K, committed 69440K, reserved 1114112K
  class space    used 10114K, committed 10432K, reserved 1048576K
}

