# JRE version: Java(TM) SE Runtime Environment (17.0.12+8) (build 17.0.12+8-LTS-286)
# Java VM: Java HotSpot(TM) 64-Bit Server VM (17.0.12+8-LTS-286, mixed mode, emulated-client, sharing, tiered, compressed oops, compressed class ptrs, g1 gc, windows-amd64)
GC Precious Log:
 CPUs: 8 total, 8 available
 Memory: 7502M
 Large Page Support: Disabled
 NUMA Support: Disabled
 Compressed Oops: Enabled (32-bit)
 Heap Region Size: 1M
 Heap Min Capacity: 8M
 Heap Initial Capacity: 118M
 Heap Max Capacity: 1876M
 Pre-touch: Disabled
 Parallel Workers: 8
 Concurrent Workers: 2
 Concurrent Refinement Workers: 8
 Periodic GC: Disabled
Heap:
 garbage-first heap   total 158720K, used 82834K [0x000000008ac00000, 0x0000000100000000)
  region size 1024K, 2 young (2048K), 2 survivors (2048K)
 Metaspace       used 72394K, committed 73024K, reserved 1114112K
  class space    used 10462K, committed 10752K, reserved 1048576K
GC Heap History (20 events):
Event: 22.731 GC heap after
{Heap after GC invocations=26 (full 0):
 garbage-first heap   total 80896K, used 39857K [0x000000008ac00000, 0x0000000100000000)
  region size 1024K, 3 young (3072K), 3 survivors (3072K)
 Metaspace       used 68425K, committed 69056K, reserved 1114112K
  class space    used 10018K, committed 10304K, reserved 1048576K
}
Event: 22.733 GC heap before
{Heap before GC invocations=26 (full 0):
 garbage-first heap   total 80896K, used 40881K [0x000000008ac00000, 0x0000000100000000)
  region size 1024K, 4 young (4096K), 3 survivors (3072K)
 Metaspace       used 68425K, committed 69056K, reserved 1114112K
  class space    used 10018K, committed 10304K, reserved 1048576K
}
Event: 22.737 GC heap after
{Heap after GC invocations=27 (full 0):
 garbage-first heap   total 80896K, used 40304K [0x000000008ac00000, 0x0000000100000000)
  region size 1024K, 1 young (1024K), 1 survivors (1024K)
 Metaspace       used 68425K, committed 69056K, reserved 1114112K
  class space    used 10018K, committed 10304K, reserved 1048576K
}
Event: 22.806 GC heap before
{Heap before GC invocations=27 (full 0):
 garbage-first heap   total 80896K, used 66928K [0x000000008ac00000, 0x0000000100000000)
  region size 1024K, 27 young (27648K), 1 survivors (1024K)
 Metaspace       used 68434K, committed 69120K, reserved 1114112K
  class space    used 10018K, committed 10304K, reserved 1048576K
}
Event: 22.810 GC heap after
{Heap after GC invocations=28 (full 0):
 garbage-first heap   total 183296K, used 42900K [0x000000008ac00000, 0x0000000100000000)
  region size 1024K, 4 young (4096K), 4 survivors (4096K)
 Metaspace       used 68434K, committed 69120K, reserved 1114112K
  class space    used 10018K, committed 10304K, reserved 1048576K
}
Event: 23.245 GC heap before
{Heap before GC invocations=29 (full 0):
 garbage-first heap   total 157696K, used 127892K [0x000000008ac00000, 0x0000000100000000)
  region size 1024K, 87 young (89088K), 4 survivors (4096K)
 Metaspace       used 69790K, committed 70464K, reserved 1114112K
  class space    used 10189K, committed 10496K, reserved 1048576K
}
Event: 23.249 GC heap after
{Heap after GC invocations=30 (full 0):
 garbage-first heap   total 157696K, used 46281K [0x000000008ac00000, 0x0000000100000000)
  region size 1024K, 7 young (7168K), 7 survivors (7168K)
 Metaspace       used 69790K, committed 70464K, reserved 1114112K
  class space    used 10189K, committed 10496K, reserved 1048576K
}
Event: 23.252 GC heap before
{Heap before GC invocations=30 (full 0):
 garbage-first heap   total 157696K, used 47305K [0x000000008ac00000, 0x0000000100000000)
  region size 1024K, 8 young (8192K), 7 survivors (7168K)
 Metaspace       used 69790K, committed 70464K, reserved 1114112K
  class space    used 10189K, committed 10496K, reserved 1048576K
}
Event: 23.256 GC heap after
{Heap after GC invocations=31 (full 0):
 garbage-first heap   total 157696K, used 44086K [0x000000008ac00000, 0x0000000100000000)
  region size 1024K, 1 young (1024K), 1 survivors (1024K)
 Metaspace       used 69790K, committed 70464K, reserved 1114112K
  class space    used 10189K, committed 10496K, reserved 1048576K
}
Event: 23.530 GC heap before
{Heap before GC invocations=31 (full 0):
 garbage-first heap   total 157696K, used 126006K [0x000000008ac00000, 0x0000000100000000)
  region size 1024K, 78 young (79872K), 1 survivors (1024K)
 Metaspace       used 69790K, committed 70464K, reserved 1114112K
  class space    used 10189K, committed 10496K, reserved 1048576K
}
Event: 23.552 GC heap after
{Heap after GC invocations=32 (full 0):
 garbage-first heap   total 158720K, used 78089K [0x000000008ac00000, 0x0000000100000000)
  region size 1024K, 10 young (10240K), 10 survivors (10240K)
 Metaspace       used 69790K, committed 70464K, reserved 1114112K
  class space    used 10189K, committed 10496K, reserved 1048576K
}
Event: 23.864 GC heap before
{Heap before GC invocations=32 (full 0):
 garbage-first heap   total 158720K, used 117001K [0x000000008ac00000, 0x0000000100000000)
  region size 1024K, 48 young (49152K), 10 survivors (10240K)
 Metaspace       used 70050K, committed 70656K, reserved 1114112K
  class space    used 10238K, committed 10496K, reserved 1048576K
}
Event: 23.873 GC heap after
{Heap after GC invocations=33 (full 0):
 garbage-first heap   total 158720K, used 82332K [0x000000008ac00000, 0x0000000100000000)
  region size 1024K, 3 young (3072K), 3 survivors (3072K)
 Metaspace       used 70050K, committed 70656K, reserved 1114112K
  class space    used 10238K, committed 10496K, reserved 1048576K
}
Event: 24.295 GC heap before
{Heap before GC invocations=33 (full 0):
 garbage-first heap   total 158720K, used 121244K [0x000000008ac00000, 0x0000000100000000)
  region size 1024K, 41 young (41984K), 3 survivors (3072K)
 Metaspace       used 70565K, committed 71232K, reserved 1114112K
  class space    used 10286K, committed 10560K, reserved 1048576K
}
Event: 24.299 GC heap after
{Heap after GC invocations=34 (full 0):
 garbage-first heap   total 158720K, used 82991K [0x000000008ac00000, 0x0000000100000000)
  region size 1024K, 4 young (4096K), 4 survivors (4096K)
 Metaspace       used 70565K, committed 71232K, reserved 1114112K
  class space    used 10286K, committed 10560K, reserved 1048576K
}
Event: 24.930 GC heap before
{Heap before GC invocations=35 (full 0):
 garbage-first heap   total 158720K, used 120879K [0x000000008ac00000, 0x0000000100000000)
  region size 1024K, 44 young (45056K), 4 survivors (4096K)
 Metaspace       used 71930K, committed 72576K, reserved 1114112K
  class space    used 10432K, committed 10752K, reserved 1048576K
}
Event: 24.934 GC heap after
{Heap after GC invocations=36 (full 0):
 garbage-first heap   total 158720K, used 82034K [0x000000008ac00000, 0x0000000100000000)
  region size 1024K, 6 young (6144K), 6 survivors (6144K)
 Metaspace       used 71930K, committed 72576K, reserved 1114112K
  class space    used 10432K, committed 10752K, reserved 1048576K
}
Event: 24.938 GC heap before
{Heap before GC invocations=36 (full 0):
 garbage-first heap   total 158720K, used 83058K [0x000000008ac00000, 0x0000000100000000)
  region size 1024K, 7 young (7168K), 6 survivors (6144K)
 Metaspace       used 71930K, committed 72576K, reserved 1114112K
  class space    used 10432K, committed 10752K, reserved 1048576K
}
Event: 24.943 GC heap after
{Heap after GC invocations=37 (full 0):
 garbage-first heap   total 158720K, used 81707K [0x000000008ac00000, 0x0000000100000000)
  region size 1024K, 1 young (1024K), 1 survivors (1024K)
 Metaspace       used 71930K, committed 72576K, reserved 1114112K
  class space    used 10432K, committed 10752K, reserved 1048576K
}
Event: 25.333 GC heap before
{Heap before GC invocations=37 (full 0):
 garbage-first heap   total 158720K, used 124715K [0x000000008ac00000, 0x0000000100000000)
  region size 1024K, 43 young (44032K), 1 survivors (1024K)
 Metaspace       used 72394K, committed 73024K, reserved 1114112K
  class space    used 10462K, committed 10752K, reserved 1048576K
}

