# JRE version: Java(TM) SE Runtime Environment (17.0.12+8) (build 17.0.12+8-LTS-286)
# Java VM: Java HotSpot(TM) 64-Bit Server VM (17.0.12+8-LTS-286, mixed mode, sharing, tiered, compressed oops, compressed class ptrs, g1 gc, windows-amd64)
GC Precious Log:
 CPUs: 8 total, 8 available
 Memory: 7502M
 Large Page Support: Disabled
 NUMA Support: Disabled
 Compressed Oops: Enabled (32-bit)
 Heap Region Size: 1M
 Heap Min Capacity: 8M
 Heap Initial Capacity: 118M
 Heap Max Capacity: 1876M
 Pre-touch: Disabled
 Parallel Workers: 8
 Concurrent Workers: 2
 Concurrent Refinement Workers: 8
 Periodic GC: Disabled
Heap:
 garbage-first heap   total 238592K, used 166684K [0x000000008ac00000, 0x0000000100000000)
  region size 1024K, 77 young (78848K), 16 survivors (16384K)
 Metaspace       used 39074K, committed 39424K, reserved 1114112K
  class space    used 4246K, committed 4416K, reserved 1048576K
GC Heap History (20 events):
Event: 16.337 GC heap before
{Heap before GC invocations=21 (full 0):
 garbage-first heap   total 161792K, used 117760K [0x000000008ac00000, 0x0000000100000000)
  region size 1024K, 55 young (56320K), 3 survivors (3072K)
 Metaspace       used 31539K, committed 31872K, reserved 1114112K
  class space    used 3512K, committed 3648K, reserved 1048576K
}
Event: 16.348 GC heap after
{Heap after GC invocations=22 (full 0):
 garbage-first heap   total 161792K, used 66004K [0x000000008ac00000, 0x0000000100000000)
  region size 1024K, 5 young (5120K), 5 survivors (5120K)
 Metaspace       used 31539K, committed 31872K, reserved 1114112K
  class space    used 3512K, committed 3648K, reserved 1048576K
}
Event: 16.924 GC heap before
{Heap before GC invocations=22 (full 0):
 garbage-first heap   total 161792K, used 121300K [0x000000008ac00000, 0x0000000100000000)
  region size 1024K, 59 young (60416K), 5 survivors (5120K)
 Metaspace       used 31589K, committed 31872K, reserved 1114112K
  class space    used 3516K, committed 3648K, reserved 1048576K
}
Event: 16.940 GC heap after
{Heap after GC invocations=23 (full 0):
 garbage-first heap   total 194560K, used 68974K [0x000000008ac00000, 0x0000000100000000)
  region size 1024K, 7 young (7168K), 7 survivors (7168K)
 Metaspace       used 31589K, committed 31872K, reserved 1114112K
  class space    used 3516K, committed 3648K, reserved 1048576K
}
Event: 17.569 GC heap before
{Heap before GC invocations=23 (full 0):
 garbage-first heap   total 194560K, used 146798K [0x000000008ac00000, 0x0000000100000000)
  region size 1024K, 82 young (83968K), 7 survivors (7168K)
 Metaspace       used 31632K, committed 31936K, reserved 1114112K
  class space    used 3517K, committed 3648K, reserved 1048576K
}
Event: 17.587 GC heap after
{Heap after GC invocations=24 (full 0):
 garbage-first heap   total 194560K, used 73527K [0x000000008ac00000, 0x0000000100000000)
  region size 1024K, 9 young (9216K), 9 survivors (9216K)
 Metaspace       used 31632K, committed 31936K, reserved 1114112K
  class space    used 3517K, committed 3648K, reserved 1048576K
}
Event: 17.860 GC heap before
{Heap before GC invocations=24 (full 0):
 garbage-first heap   total 194560K, used 149303K [0x000000008ac00000, 0x0000000100000000)
  region size 1024K, 83 young (84992K), 9 survivors (9216K)
 Metaspace       used 31632K, committed 31936K, reserved 1114112K
  class space    used 3517K, committed 3648K, reserved 1048576K
}
Event: 17.874 GC heap after
{Heap after GC invocations=25 (full 0):
 garbage-first heap   total 194560K, used 73714K [0x000000008ac00000, 0x0000000100000000)
  region size 1024K, 5 young (5120K), 5 survivors (5120K)
 Metaspace       used 31632K, committed 31936K, reserved 1114112K
  class space    used 3517K, committed 3648K, reserved 1048576K
}
Event: 18.346 GC heap before
{Heap before GC invocations=25 (full 0):
 garbage-first heap   total 194560K, used 154610K [0x000000008ac00000, 0x0000000100000000)
  region size 1024K, 84 young (86016K), 5 survivors (5120K)
 Metaspace       used 31704K, committed 32000K, reserved 1114112K
  class space    used 3520K, committed 3648K, reserved 1048576K
}
Event: 18.358 GC heap after
{Heap after GC invocations=26 (full 0):
 garbage-first heap   total 194560K, used 75400K [0x000000008ac00000, 0x0000000100000000)
  region size 1024K, 6 young (6144K), 6 survivors (6144K)
 Metaspace       used 31704K, committed 32000K, reserved 1114112K
  class space    used 3520K, committed 3648K, reserved 1048576K
}
Event: 18.781 GC heap before
{Heap before GC invocations=26 (full 0):
 garbage-first heap   total 194560K, used 158344K [0x000000008ac00000, 0x0000000100000000)
  region size 1024K, 87 young (89088K), 6 survivors (6144K)
 Metaspace       used 31779K, committed 32064K, reserved 1114112K
  class space    used 3520K, committed 3648K, reserved 1048576K
}
Event: 18.793 GC heap after
{Heap after GC invocations=27 (full 0):
 garbage-first heap   total 238592K, used 75975K [0x000000008ac00000, 0x0000000100000000)
  region size 1024K, 3 young (3072K), 3 survivors (3072K)
 Metaspace       used 31779K, committed 32064K, reserved 1114112K
  class space    used 3520K, committed 3648K, reserved 1048576K
}
Event: 19.589 GC heap before
{Heap before GC invocations=27 (full 0):
 garbage-first heap   total 238592K, used 198855K [0x000000008ac00000, 0x0000000100000000)
  region size 1024K, 123 young (125952K), 3 survivors (3072K)
 Metaspace       used 31817K, committed 32064K, reserved 1114112K
  class space    used 3520K, committed 3648K, reserved 1048576K
}
Event: 19.597 GC heap after
{Heap after GC invocations=28 (full 0):
 garbage-first heap   total 238592K, used 76237K [0x000000008ac00000, 0x0000000100000000)
  region size 1024K, 4 young (4096K), 4 survivors (4096K)
 Metaspace       used 31817K, committed 32064K, reserved 1114112K
  class space    used 3520K, committed 3648K, reserved 1048576K
}
Event: 23.928 GC heap before
{Heap before GC invocations=28 (full 0):
 garbage-first heap   total 238592K, used 199117K [0x000000008ac00000, 0x0000000100000000)
  region size 1024K, 124 young (126976K), 4 survivors (4096K)
 Metaspace       used 34153K, committed 34496K, reserved 1114112K
  class space    used 3740K, committed 3904K, reserved 1048576K
}
Event: 23.941 GC heap after
{Heap after GC invocations=29 (full 0):
 garbage-first heap   total 238592K, used 78386K [0x000000008ac00000, 0x0000000100000000)
  region size 1024K, 6 young (6144K), 6 survivors (6144K)
 Metaspace       used 34153K, committed 34496K, reserved 1114112K
  class space    used 3740K, committed 3904K, reserved 1048576K
}
Event: 27.447 GC heap before
{Heap before GC invocations=29 (full 0):
 garbage-first heap   total 238592K, used 197170K [0x000000008ac00000, 0x0000000100000000)
  region size 1024K, 122 young (124928K), 6 survivors (6144K)
 Metaspace       used 34619K, committed 34944K, reserved 1114112K
  class space    used 3756K, committed 3904K, reserved 1048576K
}
Event: 27.463 GC heap after
{Heap after GC invocations=30 (full 0):
 garbage-first heap   total 238592K, used 81467K [0x000000008ac00000, 0x0000000100000000)
  region size 1024K, 9 young (9216K), 9 survivors (9216K)
 Metaspace       used 34619K, committed 34944K, reserved 1114112K
  class space    used 3756K, committed 3904K, reserved 1048576K
}
Event: 30.482 GC heap before
{Heap before GC invocations=30 (full 0):
 garbage-first heap   total 238592K, used 203323K [0x000000008ac00000, 0x0000000100000000)
  region size 1024K, 123 young (125952K), 9 survivors (9216K)
 Metaspace       used 35041K, committed 35392K, reserved 1114112K
  class space    used 3793K, committed 3968K, reserved 1048576K
}
Event: 30.512 GC heap after
{Heap after GC invocations=31 (full 0):
 garbage-first heap   total 238592K, used 106268K [0x000000008ac00000, 0x0000000100000000)
  region size 1024K, 16 young (16384K), 16 survivors (16384K)
 Metaspace       used 35041K, committed 35392K, reserved 1114112K
  class space    used 3793K, committed 3968K, reserved 1048576K
}

