# JRE version: Java(TM) SE Runtime Environment (17.0.12+8) (build 17.0.12+8-LTS-286)
# Java VM: Java HotSpot(TM) 64-Bit Server VM (17.0.12+8-LTS-286, mixed mode, emulated-client, sharing, tiered, compressed oops, compressed class ptrs, g1 gc, windows-amd64)
GC Precious Log:
 CPUs: 8 total, 8 available
 Memory: 7502M
 Large Page Support: Disabled
 NUMA Support: Disabled
 Compressed Oops: Enabled (32-bit)
 Heap Region Size: 1M
 Heap Min Capacity: 8M
 Heap Initial Capacity: 118M
 Heap Max Capacity: 1876M
 Pre-touch: Disabled
 Parallel Workers: 8
 Concurrent Workers: 2
 Concurrent Refinement Workers: 8
 Periodic GC: Disabled
Heap:
 garbage-first heap   total 120832K, used 55933K [0x000000008ac00000, 0x0000000100000000)
  region size 1024K, 2 young (2048K), 2 survivors (2048K)
 Metaspace       used 66678K, committed 67328K, reserved 1114112K
  class space    used 9641K, committed 9920K, reserved 1048576K
GC Heap History (20 events):
Event: 11.333 GC heap after
{Heap after GC invocations=15 (full 0):
 garbage-first heap   total 68608K, used 32280K [0x000000008ac00000, 0x0000000100000000)
  region size 1024K, 2 young (2048K), 2 survivors (2048K)
 Metaspace       used 55207K, committed 55808K, reserved 1114112K
  class space    used 7726K, committed 8000K, reserved 1048576K
}
Event: 11.707 GC heap before
{Heap before GC invocations=15 (full 0):
 garbage-first heap   total 68608K, used 53784K [0x000000008ac00000, 0x0000000100000000)
  region size 1024K, 23 young (23552K), 2 survivors (2048K)
 Metaspace       used 57026K, committed 57600K, reserved 1114112K
  class space    used 8054K, committed 8320K, reserved 1048576K
}
Event: 11.710 GC heap after
{Heap after GC invocations=16 (full 0):
 garbage-first heap   total 68608K, used 32553K [0x000000008ac00000, 0x0000000100000000)
  region size 1024K, 2 young (2048K), 2 survivors (2048K)
 Metaspace       used 57026K, committed 57600K, reserved 1114112K
  class space    used 8054K, committed 8320K, reserved 1048576K
}
Event: 11.908 GC heap before
{Heap before GC invocations=17 (full 0):
 garbage-first heap   total 68608K, used 55081K [0x000000008ac00000, 0x0000000100000000)
  region size 1024K, 24 young (24576K), 2 survivors (2048K)
 Metaspace       used 57209K, committed 57856K, reserved 1114112K
  class space    used 8080K, committed 8384K, reserved 1048576K
}
Event: 11.911 GC heap after
{Heap after GC invocations=18 (full 0):
 garbage-first heap   total 68608K, used 32909K [0x000000008ac00000, 0x0000000100000000)
  region size 1024K, 2 young (2048K), 2 survivors (2048K)
 Metaspace       used 57209K, committed 57856K, reserved 1114112K
  class space    used 8080K, committed 8384K, reserved 1048576K
}
Event: 12.200 GC heap before
{Heap before GC invocations=18 (full 0):
 garbage-first heap   total 68608K, used 55437K [0x000000008ac00000, 0x0000000100000000)
  region size 1024K, 25 young (25600K), 2 survivors (2048K)
 Metaspace       used 58588K, committed 59264K, reserved 1114112K
  class space    used 8323K, committed 8640K, reserved 1048576K
}
Event: 12.203 GC heap after
{Heap after GC invocations=19 (full 0):
 garbage-first heap   total 68608K, used 33779K [0x000000008ac00000, 0x0000000100000000)
  region size 1024K, 3 young (3072K), 3 survivors (3072K)
 Metaspace       used 58588K, committed 59264K, reserved 1114112K
  class space    used 8323K, committed 8640K, reserved 1048576K
}
Event: 23.963 GC heap before
{Heap before GC invocations=20 (full 0):
 garbage-first heap   total 68608K, used 56307K [0x000000008ac00000, 0x0000000100000000)
  region size 1024K, 25 young (25600K), 3 survivors (3072K)
 Metaspace       used 61235K, committed 61888K, reserved 1114112K
  class space    used 8700K, committed 9024K, reserved 1048576K
}
Event: 23.968 GC heap after
{Heap after GC invocations=21 (full 0):
 garbage-first heap   total 68608K, used 35043K [0x000000008ac00000, 0x0000000100000000)
  region size 1024K, 3 young (3072K), 3 survivors (3072K)
 Metaspace       used 61235K, committed 61888K, reserved 1114112K
  class space    used 8700K, committed 9024K, reserved 1048576K
}
Event: 24.433 GC heap before
{Heap before GC invocations=21 (full 0):
 garbage-first heap   total 68608K, used 56547K [0x000000008ac00000, 0x0000000100000000)
  region size 1024K, 24 young (24576K), 3 survivors (3072K)
 Metaspace       used 64486K, committed 65088K, reserved 1114112K
  class space    used 9182K, committed 9472K, reserved 1048576K
}
Event: 24.438 GC heap after
{Heap after GC invocations=22 (full 0):
 garbage-first heap   total 68608K, used 36770K [0x000000008ac00000, 0x0000000100000000)
  region size 1024K, 3 young (3072K), 3 survivors (3072K)
 Metaspace       used 64486K, committed 65088K, reserved 1114112K
  class space    used 9182K, committed 9472K, reserved 1048576K
}
Event: 24.703 GC heap before
{Heap before GC invocations=23 (full 0):
 garbage-first heap   total 68608K, used 57250K [0x000000008ac00000, 0x0000000100000000)
  region size 1024K, 23 young (23552K), 3 survivors (3072K)
 Metaspace       used 65120K, committed 65728K, reserved 1114112K
  class space    used 9251K, committed 9536K, reserved 1048576K
}
Event: 24.706 GC heap after
{Heap after GC invocations=24 (full 0):
 garbage-first heap   total 68608K, used 37726K [0x000000008ac00000, 0x0000000100000000)
  region size 1024K, 2 young (2048K), 2 survivors (2048K)
 Metaspace       used 65120K, committed 65728K, reserved 1114112K
  class space    used 9251K, committed 9536K, reserved 1048576K
}
Event: 24.962 GC heap before
{Heap before GC invocations=24 (full 0):
 garbage-first heap   total 68608K, used 56158K [0x000000008ac00000, 0x0000000100000000)
  region size 1024K, 20 young (20480K), 2 survivors (2048K)
 Metaspace       used 66673K, committed 67328K, reserved 1114112K
  class space    used 9640K, committed 9920K, reserved 1048576K
}
Event: 24.965 GC heap after
{Heap after GC invocations=25 (full 0):
 garbage-first heap   total 68608K, used 38590K [0x000000008ac00000, 0x0000000100000000)
  region size 1024K, 2 young (2048K), 2 survivors (2048K)
 Metaspace       used 66673K, committed 67328K, reserved 1114112K
  class space    used 9640K, committed 9920K, reserved 1048576K
}
Event: 25.038 GC heap before
{Heap before GC invocations=26 (full 0):
 garbage-first heap   total 80896K, used 57022K [0x000000008ac00000, 0x0000000100000000)
  region size 1024K, 20 young (20480K), 2 survivors (2048K)
 Metaspace       used 66678K, committed 67328K, reserved 1114112K
  class space    used 9641K, committed 9920K, reserved 1048576K
}
Event: 25.044 GC heap after
{Heap after GC invocations=27 (full 0):
 garbage-first heap   total 80896K, used 43767K [0x000000008ac00000, 0x0000000100000000)
  region size 1024K, 3 young (3072K), 3 survivors (3072K)
 Metaspace       used 66678K, committed 67328K, reserved 1114112K
  class space    used 9641K, committed 9920K, reserved 1048576K
}
Event: 25.115 GC heap before
{Heap before GC invocations=27 (full 0):
 garbage-first heap   total 80896K, used 63223K [0x000000008ac00000, 0x0000000100000000)
  region size 1024K, 23 young (23552K), 3 survivors (3072K)
 Metaspace       used 66678K, committed 67328K, reserved 1114112K
  class space    used 9641K, committed 9920K, reserved 1048576K
}
Event: 25.125 GC heap after
{Heap after GC invocations=28 (full 0):
 garbage-first heap   total 80896K, used 51778K [0x000000008ac00000, 0x0000000100000000)
  region size 1024K, 3 young (3072K), 3 survivors (3072K)
 Metaspace       used 66678K, committed 67328K, reserved 1114112K
  class space    used 9641K, committed 9920K, reserved 1048576K
}
Event: 25.184 GC heap before
{Heap before GC invocations=28 (full 0):
 garbage-first heap   total 106496K, used 63042K [0x000000008ac00000, 0x0000000100000000)
  region size 1024K, 14 young (14336K), 3 survivors (3072K)
 Metaspace       used 66678K, committed 67328K, reserved 1114112K
  class space    used 9641K, committed 9920K, reserved 1048576K
}

